<?xml version="1.0" encoding="UTF-8"?>
<!-- Generated by org.testng.reporters.JUnitXMLReporter -->
<testsuite ignored="1" hostname="DESKTOP-4Q9LMA0" failures="1" tests="11" name="Bike Loan" time="0.324" errors="0" timestamp="2022-07-23T08:40:54 IST">
  <testcase classname="com.Basics.CarLoan" name="APILoginCarLoan" time="0.013"/>
  <testcase classname="com.Basics.CarLoan" name="MobileLoginCarLoan" time="0.003"/>
  <testcase classname="com.Basics.RunTest" name="Demo" time="0.005"/>
  <testcase classname="com.Basics.BikeLoan" name="APILogoutBikeLoan" time="0.009">
    <failure type="java.lang.AssertionError" message="expected [true] but found [false]">
      <![CDATA[java.lang.AssertionError: expected [true] but found [false]
at com.Basics.BikeLoan.APILogoutBikeLoan(BikeLoan.java:35)
at java.base/java.util.ArrayList.forEach(ArrayList.java:1511)
at java.base/java.util.concurrent.FutureTask.run(FutureTask.java:264)
at java.base/java.util.concurrent.ThreadPoolExecutor.runWorker(ThreadPoolExecutor.java:1136)
at java.base/java.util.concurrent.ThreadPoolExecutor$Worker.run(ThreadPoolExecutor.java:635)
at java.base/java.lang.Thread.run(Thread.java:833)
... Removed 22 stack frames]]>
    </failure>
  </testcase> <!-- APILogoutBikeLoan -->
  <testcase classname="com.Basics.Test2" name="Zen" time="0.008"/>
  <testcase classname="com.Basics.BikeLoan" name="MobileLoginBikeLoan" time="0.057"/>
  <testcase classname="com.Basics.BikeLoan" name="APISignInBikeLoan" time="0.002"/>
  <testcase classname="com.Basics.BikeLoan" name="APISignOutBikeLoan" time="0.0"/>
  <testcase classname="com.Basics.BikeLoan" name="APISignOutBikeLoan" time="0.002"/>
  <testcase classname="com.Basics.BikeLoan" name="APISignOutBikeLoan" time="0.0"/>
  <testcase classname="com.Basics.BikeLoan" name="APILoginBikeLoan" time="0.0"/>
  <testcase classname="com.Basics.BikeLoan" name="WebLoginBikeLoan" time="0.0">
    <ignored/>
  </testcase> <!-- WebLoginBikeLoan -->
</testsuite> <!-- Bike Loan -->
